<?xml version="1.0" encoding="UTF-8"?>
<testsuite name="com.example.TMS.TaskManagerApplicationTests" tests="1" skipped="0" failures="0" errors="0" timestamp="2024-10-15T03:08:41" hostname="Chennupatis-MacBook-Air.local" time="0.655">
  <properties/>
  <testcase name="contextLoads()" classname="com.example.TMS.TaskManagerApplicationTests" time="0.655"/>
  <system-out><![CDATA[08:38:34.345 [Test worker] INFO org.springframework.test.context.support.AnnotationConfigContextLoaderUtils -- Could not detect default configuration classes for test class [com.example.TMS.TaskManagerApplicationTests]: TaskManagerApplicationTests does not declare any static, non-private, non-final, nested classes annotated with @Configuration.
08:38:34.519 [Test worker] INFO org.springframework.boot.test.context.SpringBootTestContextBootstrapper -- Found @SpringBootConfiguration com.example.TMS.TaskManagerApplication for test class com.example.TMS.TaskManagerApplicationTests

  .   ____          _            __ _ _
 /\\ / ___'_ __ _ _(_)_ __  __ _ \ \ \ \
( ( )\___ | '_ | '_| | '_ \/ _` | \ \ \ \
 \\/  ___)| |_)| | | | | || (_| |  ) ) ) )
  '  |____| .__|_| |_|_| |_\__, | / / / /
 =========|_|==============|___/=/_/_/_/

 :: Spring Boot ::                (v3.3.4)

2024-10-15T08:38:35.092+05:30  INFO 5501 --- [Task_Manager] [    Test worker] c.e.TMS.TaskManagerApplicationTests      : Starting TaskManagerApplicationTests using Java 17.0.12 with PID 5501 (started by reshma_27 in /Users/reshma_27/Springboot Projects/TMS)
2024-10-15T08:38:35.094+05:30  INFO 5501 --- [Task_Manager] [    Test worker] c.e.TMS.TaskManagerApplicationTests      : No active profile set, falling back to 1 default profile: "default"
2024-10-15T08:38:36.706+05:30  INFO 5501 --- [Task_Manager] [    Test worker] .s.d.r.c.RepositoryConfigurationDelegate : Bootstrapping Spring Data JPA repositories in DEFAULT mode.
2024-10-15T08:38:36.815+05:30  INFO 5501 --- [Task_Manager] [    Test worker] .s.d.r.c.RepositoryConfigurationDelegate : Finished Spring Data repository scanning in 100 ms. Found 2 JPA repository interfaces.
2024-10-15T08:38:37.682+05:30  INFO 5501 --- [Task_Manager] [    Test worker] o.hibernate.jpa.internal.util.LogHelper  : HHH000204: Processing PersistenceUnitInfo [name: default]
2024-10-15T08:38:37.726+05:30  INFO 5501 --- [Task_Manager] [    Test worker] org.hibernate.Version                    : HHH000412: Hibernate ORM core version 6.5.3.Final
2024-10-15T08:38:37.764+05:30  INFO 5501 --- [Task_Manager] [    Test worker] o.h.c.internal.RegionFactoryInitiator    : HHH000026: Second-level cache disabled
2024-10-15T08:38:38.138+05:30  INFO 5501 --- [Task_Manager] [    Test worker] o.s.o.j.p.SpringPersistenceUnitInfo      : No LoadTimeWeaver setup: ignoring JPA class transformer
2024-10-15T08:38:38.190+05:30  INFO 5501 --- [Task_Manager] [    Test worker] com.zaxxer.hikari.HikariDataSource       : HikariPool-1 - Starting...
2024-10-15T08:38:38.556+05:30  INFO 5501 --- [Task_Manager] [    Test worker] com.zaxxer.hikari.pool.HikariPool        : HikariPool-1 - Added connection com.mysql.cj.jdbc.ConnectionImpl@7544260a
2024-10-15T08:38:38.558+05:30  INFO 5501 --- [Task_Manager] [    Test worker] com.zaxxer.hikari.HikariDataSource       : HikariPool-1 - Start completed.
2024-10-15T08:38:38.607+05:30  WARN 5501 --- [Task_Manager] [    Test worker] org.hibernate.orm.deprecation            : HHH90000025: MySQLDialect does not need to be specified explicitly using 'hibernate.dialect' (remove the property setting and it will be selected by default)
2024-10-15T08:38:39.807+05:30  INFO 5501 --- [Task_Manager] [    Test worker] o.h.e.t.j.p.i.JtaPlatformInitiator       : HHH000489: No JTA platform available (set 'hibernate.transaction.jta.platform' to enable JTA platform integration)
2024-10-15T08:38:39.917+05:30  INFO 5501 --- [Task_Manager] [    Test worker] j.LocalContainerEntityManagerFactoryBean : Initialized JPA EntityManagerFactory for persistence unit 'default'
2024-10-15T08:38:40.440+05:30  INFO 5501 --- [Task_Manager] [    Test worker] eAuthenticationProviderManagerConfigurer : Global AuthenticationManager configured with AuthenticationProvider bean with name authenticationProvider
2024-10-15T08:38:40.441+05:30  WARN 5501 --- [Task_Manager] [    Test worker] r$InitializeUserDetailsManagerConfigurer : Global AuthenticationManager configured with an AuthenticationProvider bean. UserDetailsService beans will not be used for username/password login. Consider removing the AuthenticationProvider bean. Alternatively, consider using the UserDetailsService in a manually instantiated DaoAuthenticationProvider.
2024-10-15T08:38:40.659+05:30  WARN 5501 --- [Task_Manager] [    Test worker] JpaBaseConfiguration$JpaWebConfiguration : spring.jpa.open-in-view is enabled by default. Therefore, database queries may be performed during view rendering. Explicitly configure spring.jpa.open-in-view to disable this warning
2024-10-15T08:38:41.780+05:30  INFO 5501 --- [Task_Manager] [    Test worker] c.e.TMS.TaskManagerApplicationTests      : Started TaskManagerApplicationTests in 7.081 seconds (process running for 8.676)
]]></system-out>
  <system-err><![CDATA[]]></system-err>
</testsuite>
